[INFO  - 2017-07-19T07:18:12.993Z] GhostDriver - Main - running on port 8145
[INFO  - 2017-07-19T07:18:13.442Z] Session [6d4424f0-6c52-11e7-9fca-355253ec9062] - page.settings - {"XSSAuditingEnabled":false,"javascriptCanCloseWindows":true,"javascriptCanOpenWindows":true,"javascriptEnabled":true,"loadImages":true,"localToRemoteUrlAccessEnabled":false,"userAgent":"Mozilla/5.0 (Unknown; Linux x86_64) AppleWebKit/538.1 (KHTML, like Gecko) PhantomJS/2.1.1 Safari/538.1","webSecurityEnabled":true}
[INFO  - 2017-07-19T07:18:13.442Z] Session [6d4424f0-6c52-11e7-9fca-355253ec9062] - page.customHeaders:  - {}
[INFO  - 2017-07-19T07:18:13.442Z] Session [6d4424f0-6c52-11e7-9fca-355253ec9062] - Session.negotiatedCapabilities - {"browserName":"phantomjs","version":"2.1.1","driverName":"ghostdriver","driverVersion":"1.2.0","platform":"linux-unknown-64bit","javascriptEnabled":true,"takesScreenshot":true,"handlesAlerts":false,"databaseEnabled":false,"locationContextEnabled":false,"applicationCacheEnabled":false,"browserConnectionEnabled":false,"cssSelectorsEnabled":true,"webStorageEnabled":false,"rotatable":false,"acceptSslCerts":false,"nativeEvents":true,"proxy":{"proxyType":"direct"}}
[INFO  - 2017-07-19T07:18:13.442Z] SessionManagerReqHand - _postNewSessionCommand - New Session Created: 6d4424f0-6c52-11e7-9fca-355253ec9062
[INFO  - 2017-07-19T07:18:14.449Z] ShutdownReqHand - _handle - About to shutdown
[INFO  - 2017-07-19T07:21:01.844Z] GhostDriver - Main - running on port 11142
[INFO  - 2017-07-19T07:21:01.955Z] Session [d1b53000-6c52-11e7-b3c1-85a49696ca72] - page.settings - {"XSSAuditingEnabled":false,"javascriptCanCloseWindows":true,"javascriptCanOpenWindows":true,"javascriptEnabled":true,"loadImages":true,"localToRemoteUrlAccessEnabled":false,"userAgent":"Mozilla/5.0 (Unknown; Linux x86_64) AppleWebKit/538.1 (KHTML, like Gecko) PhantomJS/2.1.1 Safari/538.1","webSecurityEnabled":true}
[INFO  - 2017-07-19T07:21:01.955Z] Session [d1b53000-6c52-11e7-b3c1-85a49696ca72] - page.customHeaders:  - {}
[INFO  - 2017-07-19T07:21:01.955Z] Session [d1b53000-6c52-11e7-b3c1-85a49696ca72] - Session.negotiatedCapabilities - {"browserName":"phantomjs","version":"2.1.1","driverName":"ghostdriver","driverVersion":"1.2.0","platform":"linux-unknown-64bit","javascriptEnabled":true,"takesScreenshot":true,"handlesAlerts":false,"databaseEnabled":false,"locationContextEnabled":false,"applicationCacheEnabled":false,"browserConnectionEnabled":false,"cssSelectorsEnabled":true,"webStorageEnabled":false,"rotatable":false,"acceptSslCerts":false,"nativeEvents":true,"proxy":{"proxyType":"direct"}}
[INFO  - 2017-07-19T07:21:01.956Z] SessionManagerReqHand - _postNewSessionCommand - New Session Created: d1b53000-6c52-11e7-b3c1-85a49696ca72
[INFO  - 2017-07-19T07:21:10.044Z] ShutdownReqHand - _handle - About to shutdown
[INFO  - 2017-07-19T07:22:19.762Z] GhostDriver - Main - running on port 18173
[INFO  - 2017-07-19T07:22:19.998Z] Session [00399ab0-6c53-11e7-8f70-ef1a4d7fff88] - page.settings - {"XSSAuditingEnabled":false,"javascriptCanCloseWindows":true,"javascriptCanOpenWindows":true,"javascriptEnabled":true,"loadImages":true,"localToRemoteUrlAccessEnabled":false,"userAgent":"Mozilla/5.0 (Unknown; Linux x86_64) AppleWebKit/538.1 (KHTML, like Gecko) PhantomJS/2.1.1 Safari/538.1","webSecurityEnabled":true}
[INFO  - 2017-07-19T07:22:19.998Z] Session [00399ab0-6c53-11e7-8f70-ef1a4d7fff88] - page.customHeaders:  - {}
[INFO  - 2017-07-19T07:22:19.999Z] Session [00399ab0-6c53-11e7-8f70-ef1a4d7fff88] - Session.negotiatedCapabilities - {"browserName":"phantomjs","version":"2.1.1","driverName":"ghostdriver","driverVersion":"1.2.0","platform":"linux-unknown-64bit","javascriptEnabled":true,"takesScreenshot":true,"handlesAlerts":false,"databaseEnabled":false,"locationContextEnabled":false,"applicationCacheEnabled":false,"browserConnectionEnabled":false,"cssSelectorsEnabled":true,"webStorageEnabled":false,"rotatable":false,"acceptSslCerts":false,"nativeEvents":true,"proxy":{"proxyType":"direct"}}
[INFO  - 2017-07-19T07:22:19.999Z] SessionManagerReqHand - _postNewSessionCommand - New Session Created: 00399ab0-6c53-11e7-8f70-ef1a4d7fff88
[INFO  - 2017-07-19T07:22:20.811Z] ShutdownReqHand - _handle - About to shutdown
[INFO  - 2017-07-19T07:29:05.594Z] GhostDriver - Main - running on port 17457
[INFO  - 2017-07-19T07:29:05.693Z] Session [f209bfa0-6c53-11e7-8f7b-5725fe35e829] - page.settings - {"XSSAuditingEnabled":false,"javascriptCanCloseWindows":true,"javascriptCanOpenWindows":true,"javascriptEnabled":true,"loadImages":true,"localToRemoteUrlAccessEnabled":false,"userAgent":"Mozilla/5.0 (Unknown; Linux x86_64) AppleWebKit/538.1 (KHTML, like Gecko) PhantomJS/2.1.1 Safari/538.1","webSecurityEnabled":true}
[INFO  - 2017-07-19T07:29:05.693Z] Session [f209bfa0-6c53-11e7-8f7b-5725fe35e829] - page.customHeaders:  - {}
[INFO  - 2017-07-19T07:29:05.693Z] Session [f209bfa0-6c53-11e7-8f7b-5725fe35e829] - Session.negotiatedCapabilities - {"browserName":"phantomjs","version":"2.1.1","driverName":"ghostdriver","driverVersion":"1.2.0","platform":"linux-unknown-64bit","javascriptEnabled":true,"takesScreenshot":true,"handlesAlerts":false,"databaseEnabled":false,"locationContextEnabled":false,"applicationCacheEnabled":false,"browserConnectionEnabled":false,"cssSelectorsEnabled":true,"webStorageEnabled":false,"rotatable":false,"acceptSslCerts":false,"nativeEvents":true,"proxy":{"proxyType":"direct"}}
[INFO  - 2017-07-19T07:29:05.694Z] SessionManagerReqHand - _postNewSessionCommand - New Session Created: f209bfa0-6c53-11e7-8f7b-5725fe35e829
[INFO  - 2017-07-19T07:29:06.814Z] ShutdownReqHand - _handle - About to shutdown
[INFO  - 2017-07-19T08:02:13.373Z] GhostDriver - Main - running on port 16495
[INFO  - 2017-07-19T08:02:13.473Z] Session [92d8e7e0-6c58-11e7-9e3f-5321776d0edb] - page.settings - {"XSSAuditingEnabled":false,"javascriptCanCloseWindows":true,"javascriptCanOpenWindows":true,"javascriptEnabled":true,"loadImages":true,"localToRemoteUrlAccessEnabled":false,"userAgent":"Mozilla/5.0 (Unknown; Linux x86_64) AppleWebKit/538.1 (KHTML, like Gecko) PhantomJS/2.1.1 Safari/538.1","webSecurityEnabled":true}
[INFO  - 2017-07-19T08:02:13.473Z] Session [92d8e7e0-6c58-11e7-9e3f-5321776d0edb] - page.customHeaders:  - {}
[INFO  - 2017-07-19T08:02:13.473Z] Session [92d8e7e0-6c58-11e7-9e3f-5321776d0edb] - Session.negotiatedCapabilities - {"browserName":"phantomjs","version":"2.1.1","driverName":"ghostdriver","driverVersion":"1.2.0","platform":"linux-unknown-64bit","javascriptEnabled":true,"takesScreenshot":true,"handlesAlerts":false,"databaseEnabled":false,"locationContextEnabled":false,"applicationCacheEnabled":false,"browserConnectionEnabled":false,"cssSelectorsEnabled":true,"webStorageEnabled":false,"rotatable":false,"acceptSslCerts":false,"nativeEvents":true,"proxy":{"proxyType":"direct"}}
[INFO  - 2017-07-19T08:02:13.473Z] SessionManagerReqHand - _postNewSessionCommand - New Session Created: 92d8e7e0-6c58-11e7-9e3f-5321776d0edb
[INFO  - 2017-07-19T08:02:14.427Z] ShutdownReqHand - _handle - About to shutdown
[INFO  - 2017-07-19T08:05:43.527Z] GhostDriver - Main - running on port 26967
[INFO  - 2017-07-19T08:05:43.789Z] Session [103494a0-6c59-11e7-8d7b-f943161b2555] - page.settings - {"XSSAuditingEnabled":false,"javascriptCanCloseWindows":true,"javascriptCanOpenWindows":true,"javascriptEnabled":true,"loadImages":true,"localToRemoteUrlAccessEnabled":false,"userAgent":"Mozilla/5.0 (Unknown; Linux x86_64) AppleWebKit/538.1 (KHTML, like Gecko) PhantomJS/2.1.1 Safari/538.1","webSecurityEnabled":true}
[INFO  - 2017-07-19T08:05:43.790Z] Session [103494a0-6c59-11e7-8d7b-f943161b2555] - page.customHeaders:  - {}
[INFO  - 2017-07-19T08:05:43.790Z] Session [103494a0-6c59-11e7-8d7b-f943161b2555] - Session.negotiatedCapabilities - {"browserName":"phantomjs","version":"2.1.1","driverName":"ghostdriver","driverVersion":"1.2.0","platform":"linux-unknown-64bit","javascriptEnabled":true,"takesScreenshot":true,"handlesAlerts":false,"databaseEnabled":false,"locationContextEnabled":false,"applicationCacheEnabled":false,"browserConnectionEnabled":false,"cssSelectorsEnabled":true,"webStorageEnabled":false,"rotatable":false,"acceptSslCerts":false,"nativeEvents":true,"proxy":{"proxyType":"direct"}}
[INFO  - 2017-07-19T08:05:43.790Z] SessionManagerReqHand - _postNewSessionCommand - New Session Created: 103494a0-6c59-11e7-8d7b-f943161b2555
[INFO  - 2017-07-19T08:05:44.772Z] ShutdownReqHand - _handle - About to shutdown
